e:\program\c++\clox\clox\debug\vc141.pdb
e:\program\c++\clox\clox\debug\vc141.idb
e:\program\c++\clox\clox\debug\vm.nativecodeanalysis.xml
e:\program\c++\clox\clox\debug\value.nativecodeanalysis.xml
e:\program\c++\clox\clox\debug\table.nativecodeanalysis.xml
e:\program\c++\clox\clox\debug\scanner.nativecodeanalysis.xml
e:\program\c++\clox\clox\debug\object.nativecodeanalysis.xml
e:\program\c++\clox\clox\debug\memory.nativecodeanalysis.xml
e:\program\c++\clox\clox\debug\main.nativecodeanalysis.xml
e:\program\c++\clox\clox\debug\debug.nativecodeanalysis.xml
e:\program\c++\clox\clox\debug\compiler.nativecodeanalysis.xml
e:\program\c++\clox\clox\debug\chunk.nativecodeanalysis.xml
e:\program\c++\clox\clox\debug\chunk.obj
e:\program\c++\clox\clox\debug\compiler.obj
e:\program\c++\clox\clox\debug\debug.obj
e:\program\c++\clox\clox\debug\main.obj
e:\program\c++\clox\clox\debug\memory.obj
e:\program\c++\clox\clox\debug\object.obj
e:\program\c++\clox\clox\debug\scanner.obj
e:\program\c++\clox\clox\debug\table.obj
e:\program\c++\clox\clox\debug\value.obj
e:\program\c++\clox\clox\debug\vm.obj
e:\program\c++\clox\debug\clox.ilk
e:\program\c++\clox\debug\clox.exe
e:\program\c++\clox\debug\clox.pdb
e:\program\c++\clox\clox\debug\nativecodeanalysis.read.1.tlog
e:\program\c++\clox\clox\debug\vc.nativecodeanalysis.all.xml
e:\program\c++\clox\debug\clox.exe.lastcodeanalysissucceeded
e:\program\c++\clox\clox\debug\clox.tlog\cl.command.1.tlog
e:\program\c++\clox\clox\debug\clox.tlog\cl.read.1.tlog
e:\program\c++\clox\clox\debug\clox.tlog\cl.write.1.tlog
e:\program\c++\clox\clox\debug\clox.tlog\link.command.1.tlog
e:\program\c++\clox\clox\debug\clox.tlog\link.read.1.tlog
e:\program\c++\clox\clox\debug\clox.tlog\link.write.1.tlog
